<?xml version="1.0" encoding="UTF-8"?>
<!-- Generated by org.testng.reporters.JUnitReportReporter -->
<testsuite hostname="Mohammad-Zaina" failures="0" tests="1" name="Test_one" time="0.575" errors="0" timestamp="2023-09-03T11:29:06 EET" skipped="0">
  <testcase classname="Test_one" name="myTest" time="0.575"/>
</testsuite> <!-- Test_one -->
